nohup: output accodato a 'nohup.out'
DEBUG[08-25|15:15:12.159] Sanitizing Go's GC trigger               percent=100
INFO [08-25|15:15:12.193] Maximum peer count                       ETH=50 LES=0 total=50
INFO [08-25|15:15:12.193] Smartcard socket not found, disabling    err="stat /run/pcscd/pcscd.comm: no such file or directory"
DEBUG[08-25|15:15:12.194] FS scan times                            list=44.788µs set=5.023µs diff=2.519µs
DEBUG[08-25|15:15:12.194] Failed to decode keystore key            path=/home/alessio/Scrivania/Cybersecurity/network/4-nodes/qdata/dd1/keystore/password.txt err=EOF
TRACE[08-25|15:15:12.194] Handled keystore changes                 time=120.553µs
TRACE[08-25|15:15:12.194] Started watching keystore folder         path=/home/alessio/Scrivania/Cybersecurity/network/4-nodes/qdata/dd1/keystore
WARN [08-25|15:15:12.195] permission-config.json file is missing. Smart-contract-based permission service will be disabled error="stat qdata/dd1/permission-config.json: no such file or directory"
WARN [08-25|15:15:12.195] Found deprecated node list file /home/alessio/Scrivania/Cybersecurity/network/4-nodes/qdata/dd1/static-nodes.json, please use the TOML config file instead. 
INFO [08-25|15:15:12.196] Starting peer-to-peer node               instance=Geth/v1.9.7-stable-6005360c(quorum-v2.7.0)/linux-amd64/go1.13.13
INFO [08-25|15:15:12.196] Allocated trie memory caches             clean=256.00MiB dirty=256.00MiB
INFO [08-25|15:15:12.196] Allocated cache and file handles         database=/home/alessio/Scrivania/Cybersecurity/network/4-nodes/qdata/dd1/geth/chaindata cache=768.00MiB handles=524288
DEBUG[08-25|15:15:12.277] Chain freezer table opened               database=/home/alessio/Scrivania/Cybersecurity/network/4-nodes/qdata/dd1/geth/chaindata/ancient table=bodies items=0 size=0.00B
DEBUG[08-25|15:15:12.279] Chain freezer table opened               database=/home/alessio/Scrivania/Cybersecurity/network/4-nodes/qdata/dd1/geth/chaindata/ancient table=receipts items=0 size=0.00B
DEBUG[08-25|15:15:12.281] Chain freezer table opened               database=/home/alessio/Scrivania/Cybersecurity/network/4-nodes/qdata/dd1/geth/chaindata/ancient table=diffs    items=0 size=0.00B
DEBUG[08-25|15:15:12.282] Chain freezer table opened               database=/home/alessio/Scrivania/Cybersecurity/network/4-nodes/qdata/dd1/geth/chaindata/ancient table=headers  items=0 size=0.00B
DEBUG[08-25|15:15:12.284] Chain freezer table opened               database=/home/alessio/Scrivania/Cybersecurity/network/4-nodes/qdata/dd1/geth/chaindata/ancient table=hashes   items=0 size=0.00B
INFO [08-25|15:15:12.284] Opened ancient database                  database=/home/alessio/Scrivania/Cybersecurity/network/4-nodes/qdata/dd1/geth/chaindata/ancient
DEBUG[08-25|15:15:12.285] Current full block not old enough        number=0 hash=635024…0574bc delay=3162240
INFO [08-25|15:15:12.285] Initialised chain configuration          config="{ChainID: 10 Homestead: 0 DAO: <nil> DAOSupport: false EIP150: 0 EIP155: 0 EIP158: 0 Byzantium: 0 IsQuorum: true Constantinople: 0 TransactionSizeLimit: 64 MaxCodeSize: 0 Petersburg: 0 Istanbul: 0 Engine: istanbul}"
INFO [08-25|15:15:12.286] Initialising Ethereum protocol           name=istanbul versions="[99 64]" network=10 dbversion=<nil>
WARN [08-25|15:15:12.286] Upgrade blockchain database version      from=<nil> to=7
INFO [08-25|15:15:12.721] Loaded most recent local header          number=0 hash=635024…0574bc td=1 age=51y4mo2w
INFO [08-25|15:15:12.721] Loaded most recent local full block      number=0 hash=635024…0574bc td=1 age=51y4mo2w
INFO [08-25|15:15:12.721] Loaded most recent local fast block      number=0 hash=635024…0574bc td=1 age=51y4mo2w
DEBUG[08-25|15:15:12.721] Reinjecting stale transactions           count=0
INFO [08-25|15:15:12.721] Regenerated local transaction journal    transactions=0 accounts=0
DEBUG[08-25|15:15:12.722] Recalculated downloader QoS values       rtt=20s confidence=1.000 ttl=1m0s
TRACE[08-25|15:15:12.724] Stored genesis voting snapshot to disk 
Fatal: Error starting protocol stack: listen tcp :21000: bind: address already in use
